[2025-01-23 13:14:28] Starting experiment: Dataset=./data/File3/arucoChallenging, Model=AlexNet, Batch Size=32, Transformation=none
[2025-01-23 13:14:29] Image tensor shape: torch.Size([32, 3, 224, 224])
[2025-01-23 13:14:29] Image value range: [-2.118, 2.640]
[2025-01-23 13:14:43] Epoch [1/50] Train Loss: 4.1301 | Train Acc: 4.6000% Val Loss: 3.2552 | Val Acc: 15.3000% Time: 14.21s
[2025-01-23 13:14:57] Epoch [2/50] Train Loss: 2.5415 | Train Acc: 29.1875% Val Loss: 2.0140 | Val Acc: 41.1000% Time: 12.69s
[2025-01-23 13:15:10] Epoch [3/50] Train Loss: 1.0918 | Train Acc: 67.1500% Val Loss: 0.6287 | Val Acc: 80.6000% Time: 12.73s
[2025-01-23 13:15:23] Epoch [4/50] Train Loss: 0.5527 | Train Acc: 83.2500% Val Loss: 0.3412 | Val Acc: 89.2000% Time: 12.82s
[2025-01-23 13:15:37] Epoch [5/50] Train Loss: 0.3348 | Train Acc: 90.0750% Val Loss: 0.1700 | Val Acc: 94.9000% Time: 12.88s
[2025-01-23 13:15:50] Epoch [6/50] Train Loss: 0.2636 | Train Acc: 92.2875% Val Loss: 0.1953 | Val Acc: 93.6000% Time: 12.93s
[2025-01-23 13:16:03] Epoch [7/50] Train Loss: 0.2403 | Train Acc: 92.8875% Val Loss: 0.2184 | Val Acc: 92.4000% Time: 13.07s
[2025-01-23 13:16:16] Epoch [8/50] Train Loss: 0.2087 | Train Acc: 94.0000% Val Loss: 0.1863 | Val Acc: 95.2000% Time: 13.12s
[2025-01-23 13:16:30] Epoch [9/50] Train Loss: 0.1175 | Train Acc: 96.4500% Val Loss: 0.1010 | Val Acc: 96.7000% Time: 13.23s
[2025-01-23 13:16:43] Epoch [10/50] Train Loss: 0.1935 | Train Acc: 94.8000% Val Loss: 0.3166 | Val Acc: 91.5000% Time: 13.29s
[2025-01-23 13:16:57] Epoch [11/50] Train Loss: 0.1656 | Train Acc: 95.6250% Val Loss: 0.1486 | Val Acc: 95.5000% Time: 13.71s
[2025-01-23 13:17:11] Epoch [12/50] Train Loss: 0.1115 | Train Acc: 96.9500% Val Loss: 0.2103 | Val Acc: 94.2000% Time: 13.90s
[2025-01-23 13:17:25] Epoch [13/50] Train Loss: 0.1655 | Train Acc: 95.5375% Val Loss: 0.1902 | Val Acc: 94.8000% Time: 13.88s
[2025-01-23 13:17:39] Epoch [14/50] Train Loss: 0.1172 | Train Acc: 96.7625% Val Loss: 0.2003 | Val Acc: 94.1000% Time: 14.21s
[2025-01-23 13:17:53] Epoch [15/50] Train Loss: 0.1202 | Train Acc: 96.6250% Val Loss: 0.1749 | Val Acc: 94.2000% Time: 13.99s
[2025-01-23 13:18:07] Epoch [16/50] Train Loss: 0.1678 | Train Acc: 95.4250% Val Loss: 0.1960 | Val Acc: 93.8000% Time: 14.15s
[2025-01-23 13:18:21] Epoch [17/50] Train Loss: 0.0812 | Train Acc: 97.6625% Val Loss: 0.1649 | Val Acc: 96.1000% Time: 13.87s
[2025-01-23 13:18:35] Epoch [18/50] Train Loss: 0.0902 | Train Acc: 97.7125% Val Loss: 0.0993 | Val Acc: 97.3000% Time: 13.75s
[2025-01-23 13:18:49] Epoch [19/50] Train Loss: 0.1048 | Train Acc: 97.3750% Val Loss: 0.2127 | Val Acc: 95.6000% Time: 13.71s
[2025-01-23 13:19:03] Epoch [20/50] Train Loss: 0.0666 | Train Acc: 98.1500% Val Loss: 0.1243 | Val Acc: 96.8000% Time: 14.19s
[2025-01-23 13:19:18] Epoch [21/50] Train Loss: 0.1326 | Train Acc: 96.8375% Val Loss: 0.1381 | Val Acc: 96.5000% Time: 14.24s
[2025-01-23 13:19:32] Epoch [22/50] Train Loss: 0.1180 | Train Acc: 97.1625% Val Loss: 0.0720 | Val Acc: 97.7000% Time: 14.25s
[2025-01-23 13:19:46] Epoch [23/50] Train Loss: 0.1031 | Train Acc: 97.4375% Val Loss: 0.1172 | Val Acc: 97.1000% Time: 14.11s
[2025-01-23 13:20:01] Epoch [24/50] Train Loss: 0.1155 | Train Acc: 97.3250% Val Loss: 0.1301 | Val Acc: 96.3000% Time: 14.20s
[2025-01-23 13:20:15] Epoch [25/50] Train Loss: 0.1063 | Train Acc: 97.4625% Val Loss: 0.1751 | Val Acc: 95.7000% Time: 14.37s
[2025-01-23 13:20:29] Epoch [26/50] Train Loss: 0.0986 | Train Acc: 97.5625% Val Loss: 0.1266 | Val Acc: 97.7000% Time: 14.32s
[2025-01-23 13:20:44] Epoch [27/50] Train Loss: 0.1032 | Train Acc: 97.7625% Val Loss: 0.1594 | Val Acc: 97.0000% Time: 14.41s
[2025-01-23 13:20:58] Epoch [28/50] Train Loss: 0.1221 | Train Acc: 97.3000% Val Loss: 0.1048 | Val Acc: 97.5000% Time: 14.52s
[2025-01-23 13:21:13] Epoch [29/50] Train Loss: 0.0849 | Train Acc: 98.1625% Val Loss: 0.1885 | Val Acc: 95.9000% Time: 14.61s
[2025-01-23 13:21:27] Epoch [30/50] Train Loss: 0.1219 | Train Acc: 97.4750% Val Loss: 0.2080 | Val Acc: 95.2000% Time: 14.35s
[2025-01-23 13:21:42] Epoch [31/50] Train Loss: 0.0633 | Train Acc: 98.5375% Val Loss: 0.1178 | Val Acc: 97.0000% Time: 14.64s
[2025-01-23 13:21:57] Epoch [32/50] Train Loss: 0.0568 | Train Acc: 98.8625% Val Loss: 0.1403 | Val Acc: 97.0000% Time: 14.63s
[2025-01-23 13:22:11] Epoch [33/50] Train Loss: 0.1165 | Train Acc: 97.3875% Val Loss: 0.1660 | Val Acc: 95.7000% Time: 14.71s
[2025-01-23 13:22:26] Epoch [34/50] Train Loss: 0.0816 | Train Acc: 98.2125% Val Loss: 0.0966 | Val Acc: 97.4000% Time: 14.76s
[2025-01-23 13:22:41] Epoch [35/50] Train Loss: 0.0469 | Train Acc: 98.8250% Val Loss: 0.2227 | Val Acc: 95.7000% Time: 15.08s
[2025-01-23 13:22:57] Epoch [36/50] Train Loss: 0.0995 | Train Acc: 97.9125% Val Loss: 0.1082 | Val Acc: 98.1000% Time: 15.54s
[2025-01-23 13:23:13] Epoch [37/50] Train Loss: 0.0901 | Train Acc: 97.9750% Val Loss: 0.0901 | Val Acc: 97.5000% Time: 15.60s
[2025-01-23 13:23:28] Epoch [38/50] Train Loss: 0.0895 | Train Acc: 98.3875% Val Loss: 0.1217 | Val Acc: 97.1000% Time: 15.30s
[2025-01-23 13:23:43] Epoch [39/50] Train Loss: 0.1022 | Train Acc: 97.8375% Val Loss: 0.1088 | Val Acc: 97.2000% Time: 15.03s
[2025-01-23 13:23:58] Epoch [40/50] Train Loss: 0.0848 | Train Acc: 98.3250% Val Loss: 0.1312 | Val Acc: 97.5000% Time: 14.88s
[2025-01-23 13:24:13] Epoch [41/50] Train Loss: 0.0475 | Train Acc: 98.9750% Val Loss: 0.1067 | Val Acc: 96.9000% Time: 14.80s
[2025-01-23 13:24:29] Epoch [42/50] Train Loss: 0.0517 | Train Acc: 98.8250% Val Loss: 0.0892 | Val Acc: 98.4000% Time: 15.28s
[2025-01-23 13:24:44] Epoch [43/50] Train Loss: 0.1713 | Train Acc: 96.9750% Val Loss: 0.0959 | Val Acc: 97.7000% Time: 15.27s
[2025-01-23 13:25:00] Epoch [44/50] Train Loss: 0.0758 | Train Acc: 98.4250% Val Loss: 0.0925 | Val Acc: 97.8000% Time: 15.50s
[2025-01-23 13:25:15] Epoch [45/50] Train Loss: 0.0680 | Train Acc: 98.5875% Val Loss: 0.0953 | Val Acc: 98.1000% Time: 15.90s
[2025-01-23 13:25:31] Epoch [46/50] Train Loss: 0.1059 | Train Acc: 98.2375% Val Loss: 0.2209 | Val Acc: 97.0000% Time: 15.60s
[2025-01-23 13:25:47] Epoch [47/50] Train Loss: 0.0816 | Train Acc: 98.5750% Val Loss: 0.0832 | Val Acc: 98.3000% Time: 15.86s
[2025-01-23 13:26:03] Epoch [48/50] Train Loss: 0.0849 | Train Acc: 98.5125% Val Loss: 0.1358 | Val Acc: 97.0000% Time: 16.43s
[2025-01-23 13:26:20] Epoch [49/50] Train Loss: 0.0787 | Train Acc: 98.5250% Val Loss: 0.0656 | Val Acc: 98.5000% Time: 15.91s
[2025-01-23 13:26:36] Epoch [50/50] Train Loss: 0.0796 | Train Acc: 98.5625% Val Loss: 0.1918 | Val Acc: 96.4000% Time: 15.24s
[2025-01-23 13:26:43] 
[2025-01-23 13:26:43] Test Set Performance:
[2025-01-23 13:26:43] Loss: 0.0580 | Accuracy: 98.8000%
[2025-01-23 13:26:43] Completed experiment: Dataset=./data/File3/arucoChallenging, Model=AlexNet, Batch Size=32, Transformation=none
[2025-01-23 13:26:43] 
[2025-01-23 13:26:43] Starting experiment: Dataset=./data/File3/arucoChallenging, Model=AlexNet, Batch Size=32, Transformation=random_rotation
[2025-01-23 13:26:45] Image tensor shape: torch.Size([32, 3, 224, 224])
[2025-01-23 13:26:45] Image value range: [-2.118, 2.640]
[2025-01-23 13:27:16] Epoch [1/50] Train Loss: 4.4535 | Train Acc: 1.9625% Val Loss: 4.1810 | Val Acc: 3.1000% Time: 30.32s
[2025-01-23 13:27:47] Epoch [2/50] Train Loss: 3.7174 | Train Acc: 7.5250% Val Loss: 3.0233 | Val Acc: 14.4000% Time: 30.70s
[2025-01-23 13:28:18] Epoch [3/50] Train Loss: 2.4789 | Train Acc: 26.2625% Val Loss: 1.6918 | Val Acc: 46.1000% Time: 30.31s
[2025-01-23 13:28:49] Epoch [4/50] Train Loss: 1.5339 | Train Acc: 51.6250% Val Loss: 0.8243 | Val Acc: 75.0000% Time: 30.67s
[2025-01-23 13:29:21] Epoch [5/50] Train Loss: 1.0053 | Train Acc: 67.0125% Val Loss: 0.5531 | Val Acc: 82.2000% Time: 31.41s
[2025-01-23 13:29:50] Epoch [6/50] Train Loss: 0.7560 | Train Acc: 75.7750% Val Loss: 0.6236 | Val Acc: 80.3000% Time: 28.99s
[2025-01-23 13:30:21] Epoch [7/50] Train Loss: 0.5399 | Train Acc: 82.2875% Val Loss: 0.2550 | Val Acc: 91.7000% Time: 30.00s
[2025-01-23 13:30:50] Epoch [8/50] Train Loss: 0.4706 | Train Acc: 84.9875% Val Loss: 0.2637 | Val Acc: 91.7000% Time: 29.16s
[2025-01-23 13:31:20] Epoch [9/50] Train Loss: 0.3888 | Train Acc: 87.5125% Val Loss: 0.2641 | Val Acc: 90.7000% Time: 29.73s
[2025-01-23 13:31:52] Epoch [10/50] Train Loss: 0.3260 | Train Acc: 89.6250% Val Loss: 0.2305 | Val Acc: 93.1000% Time: 31.72s
[2025-01-23 13:32:24] Epoch [11/50] Train Loss: 0.2959 | Train Acc: 90.6250% Val Loss: 0.1686 | Val Acc: 94.4000% Time: 30.67s
[2025-01-23 13:32:55] Epoch [12/50] Train Loss: 0.2815 | Train Acc: 91.4000% Val Loss: 0.2884 | Val Acc: 90.7000% Time: 31.45s
[2025-01-23 13:33:28] Epoch [13/50] Train Loss: 0.2613 | Train Acc: 91.6500% Val Loss: 0.1036 | Val Acc: 97.0000% Time: 31.93s
[2025-01-23 13:33:58] Epoch [14/50] Train Loss: 0.2394 | Train Acc: 92.9000% Val Loss: 0.1129 | Val Acc: 96.4000% Time: 30.34s
[2025-01-23 13:34:29] Epoch [15/50] Train Loss: 0.2137 | Train Acc: 93.3500% Val Loss: 0.1198 | Val Acc: 96.3000% Time: 31.14s
[2025-01-23 13:34:59] Epoch [16/50] Train Loss: 0.2400 | Train Acc: 92.5125% Val Loss: 0.0933 | Val Acc: 96.9000% Time: 30.08s
[2025-01-23 13:35:31] Epoch [17/50] Train Loss: 0.2239 | Train Acc: 93.5125% Val Loss: 0.0760 | Val Acc: 97.6000% Time: 30.62s
[2025-01-23 13:36:01] Epoch [18/50] Train Loss: 0.2059 | Train Acc: 93.5250% Val Loss: 0.0926 | Val Acc: 97.0000% Time: 30.40s
[2025-01-23 13:36:32] Epoch [19/50] Train Loss: 0.1921 | Train Acc: 94.4125% Val Loss: 0.1665 | Val Acc: 94.0000% Time: 30.71s
[2025-01-23 13:37:03] Epoch [20/50] Train Loss: 0.2444 | Train Acc: 92.9625% Val Loss: 0.1126 | Val Acc: 96.4000% Time: 30.92s
[2025-01-23 13:37:34] Epoch [21/50] Train Loss: 0.1516 | Train Acc: 95.2875% Val Loss: 0.1229 | Val Acc: 95.9000% Time: 31.57s
[2025-01-23 13:38:05] Epoch [22/50] Train Loss: 0.1755 | Train Acc: 94.9375% Val Loss: 0.0967 | Val Acc: 97.4000% Time: 31.16s
[2025-01-23 13:38:37] Epoch [23/50] Train Loss: 0.1433 | Train Acc: 95.6875% Val Loss: 0.1253 | Val Acc: 95.8000% Time: 31.36s
[2025-01-23 13:39:08] Epoch [24/50] Train Loss: 0.1711 | Train Acc: 95.0375% Val Loss: 0.0860 | Val Acc: 97.3000% Time: 31.74s
[2025-01-23 13:39:41] Epoch [25/50] Train Loss: 0.1672 | Train Acc: 95.0625% Val Loss: 0.0935 | Val Acc: 97.3000% Time: 32.95s
[2025-01-23 13:40:12] Epoch [26/50] Train Loss: 0.1828 | Train Acc: 94.6750% Val Loss: 0.1594 | Val Acc: 95.1000% Time: 30.21s
[2025-01-23 13:40:44] Epoch [27/50] Train Loss: 0.1900 | Train Acc: 94.6625% Val Loss: 0.0581 | Val Acc: 98.4000% Time: 31.56s
[2025-01-23 13:41:15] Epoch [28/50] Train Loss: 0.1442 | Train Acc: 95.8375% Val Loss: 0.1048 | Val Acc: 97.0000% Time: 31.61s
[2025-01-23 13:41:47] Epoch [29/50] Train Loss: 0.1228 | Train Acc: 96.2250% Val Loss: 0.0406 | Val Acc: 98.2000% Time: 31.99s
[2025-01-23 13:42:18] Epoch [30/50] Train Loss: 0.1468 | Train Acc: 95.7250% Val Loss: 0.0744 | Val Acc: 97.9000% Time: 31.02s
[2025-01-23 13:42:50] Epoch [31/50] Train Loss: 0.1403 | Train Acc: 96.0875% Val Loss: 0.1403 | Val Acc: 95.1000% Time: 31.28s
[2025-01-23 13:43:20] Epoch [32/50] Train Loss: 0.1498 | Train Acc: 96.0000% Val Loss: 0.0568 | Val Acc: 98.2000% Time: 29.80s
[2025-01-23 13:43:50] Epoch [33/50] Train Loss: 0.1493 | Train Acc: 95.8625% Val Loss: 0.0591 | Val Acc: 97.6000% Time: 30.17s
[2025-01-23 13:44:22] Epoch [34/50] Train Loss: 0.1348 | Train Acc: 96.3250% Val Loss: 0.0267 | Val Acc: 99.1000% Time: 30.54s
[2025-01-23 13:44:22] 
[2025-01-23 13:44:22] Reached validation accuracy threshold of 96.0% at epoch 34 (9.9e+01%).
[2025-01-23 13:44:22] Early stopping triggered.
[2025-01-23 13:44:31] 
[2025-01-23 13:44:31] Test Set Performance:
[2025-01-23 13:44:31] Loss: 0.0319 | Accuracy: 98.9000%
[2025-01-23 13:44:31] Completed experiment: Dataset=./data/File3/arucoChallenging, Model=AlexNet, Batch Size=32, Transformation=random_rotation
[2025-01-23 13:44:31] 
[2025-01-23 13:44:31] Starting experiment: Dataset=./data/File3/arucoChallenging, Model=AlexNet, Batch Size=32, Transformation=rotation_blur_noise
[2025-01-23 13:44:33] Image tensor shape: torch.Size([32, 3, 224, 224])
[2025-01-23 13:44:33] Image value range: [-2.118, 2.640]
[2025-01-23 13:45:14] Epoch [1/50] Train Loss: 4.3616 | Train Acc: 2.4250% Val Loss: 3.8880 | Val Acc: 5.1000% Time: 40.94s
[2025-01-23 13:45:55] Epoch [2/50] Train Loss: 3.3517 | Train Acc: 10.5875% Val Loss: 2.9041 | Val Acc: 18.6000% Time: 40.22s
[2025-01-23 13:46:35] Epoch [3/50] Train Loss: 2.3013 | Train Acc: 29.8875% Val Loss: 1.5220 | Val Acc: 50.9000% Time: 39.21s
[2025-01-23 13:47:16] Epoch [4/50] Train Loss: 1.5731 | Train Acc: 49.8875% Val Loss: 1.0683 | Val Acc: 64.6000% Time: 40.09s
[2025-01-23 13:47:57] Epoch [5/50] Train Loss: 1.0576 | Train Acc: 65.5875% Val Loss: 0.5696 | Val Acc: 80.3000% Time: 41.20s
[2025-01-23 13:48:40] Epoch [6/50] Train Loss: 0.7574 | Train Acc: 75.1750% Val Loss: 0.4827 | Val Acc: 84.8000% Time: 42.17s
[2025-01-23 13:49:23] Epoch [7/50] Train Loss: 0.5994 | Train Acc: 80.3375% Val Loss: 0.2517 | Val Acc: 91.9000% Time: 41.84s
[2025-01-23 13:50:05] Epoch [8/50] Train Loss: 0.4859 | Train Acc: 84.1000% Val Loss: 0.2479 | Val Acc: 92.1000% Time: 41.78s
[2025-01-23 13:50:49] Epoch [9/50] Train Loss: 0.4183 | Train Acc: 86.5125% Val Loss: 0.1742 | Val Acc: 94.2000% Time: 43.36s
[2025-01-23 13:51:30] Epoch [10/50] Train Loss: 0.3416 | Train Acc: 89.1125% Val Loss: 0.2364 | Val Acc: 92.5000% Time: 40.60s
[2025-01-23 13:52:10] Epoch [11/50] Train Loss: 0.2908 | Train Acc: 90.8250% Val Loss: 0.1717 | Val Acc: 93.9000% Time: 40.52s
[2025-01-23 13:52:52] Epoch [12/50] Train Loss: 0.2996 | Train Acc: 90.7250% Val Loss: 0.1220 | Val Acc: 95.4000% Time: 40.68s
[2025-01-23 13:53:35] Epoch [13/50] Train Loss: 0.2801 | Train Acc: 91.2000% Val Loss: 0.1436 | Val Acc: 95.7000% Time: 42.64s
[2025-01-23 13:54:15] Epoch [14/50] Train Loss: 0.2368 | Train Acc: 92.7875% Val Loss: 0.0721 | Val Acc: 98.0000% Time: 39.60s
[2025-01-23 13:54:55] Epoch [15/50] Train Loss: 0.2201 | Train Acc: 92.8375% Val Loss: 0.2815 | Val Acc: 91.8000% Time: 39.69s
[2025-01-23 13:55:35] Epoch [16/50] Train Loss: 0.2254 | Train Acc: 93.1000% Val Loss: 0.0909 | Val Acc: 97.1000% Time: 40.09s
[2025-01-23 13:56:15] Epoch [17/50] Train Loss: 0.2093 | Train Acc: 93.6750% Val Loss: 0.1012 | Val Acc: 96.4000% Time: 39.90s
[2025-01-23 13:56:56] Epoch [18/50] Train Loss: 0.2150 | Train Acc: 93.5750% Val Loss: 0.0829 | Val Acc: 97.2000% Time: 41.11s
[2025-01-23 13:57:37] Epoch [19/50] Train Loss: 0.1751 | Train Acc: 94.9125% Val Loss: 0.0635 | Val Acc: 98.1000% Time: 40.86s
[2025-01-23 13:58:18] Epoch [20/50] Train Loss: 0.2028 | Train Acc: 94.0000% Val Loss: 0.0922 | Val Acc: 96.6000% Time: 40.85s
[2025-01-23 13:58:59] Epoch [21/50] Train Loss: 0.1799 | Train Acc: 94.6250% Val Loss: 0.0803 | Val Acc: 97.4000% Time: 40.50s
[2025-01-23 13:59:40] Epoch [22/50] Train Loss: 0.1809 | Train Acc: 94.5000% Val Loss: 0.1761 | Val Acc: 94.0000% Time: 41.42s
[2025-01-23 14:00:23] Epoch [23/50] Train Loss: 0.1806 | Train Acc: 94.4000% Val Loss: 0.0849 | Val Acc: 96.7000% Time: 42.80s
[2025-01-23 14:01:04] Epoch [24/50] Train Loss: 0.1638 | Train Acc: 95.2375% Val Loss: 0.0621 | Val Acc: 98.3000% Time: 40.19s
[2025-01-23 14:01:45] Epoch [25/50] Train Loss: 0.1587 | Train Acc: 95.1125% Val Loss: 0.1013 | Val Acc: 96.7000% Time: 41.31s
[2025-01-23 14:02:28] Epoch [26/50] Train Loss: 0.2016 | Train Acc: 94.2750% Val Loss: 0.0746 | Val Acc: 97.5000% Time: 42.99s
[2025-01-23 14:03:11] Epoch [27/50] Train Loss: 0.1661 | Train Acc: 95.3500% Val Loss: 0.0405 | Val Acc: 98.8000% Time: 42.11s
[2025-01-23 14:03:53] Epoch [28/50] Train Loss: 0.1603 | Train Acc: 95.3625% Val Loss: 0.0470 | Val Acc: 98.6000% Time: 42.23s
[2025-01-23 14:04:36] Epoch [29/50] Train Loss: 0.1228 | Train Acc: 96.5375% Val Loss: 0.0550 | Val Acc: 98.1000% Time: 42.80s
[2025-01-23 14:05:14] Epoch [30/50] Train Loss: 0.1645 | Train Acc: 95.3500% Val Loss: 0.0811 | Val Acc: 97.3000% Time: 38.34s
[2025-01-23 14:05:56] Epoch [31/50] Train Loss: 0.1128 | Train Acc: 96.5875% Val Loss: 0.0483 | Val Acc: 98.3000% Time: 42.15s
[2025-01-23 14:06:36] Epoch [32/50] Train Loss: 0.1827 | Train Acc: 94.9000% Val Loss: 0.2505 | Val Acc: 95.1000% Time: 39.68s
[2025-01-23 14:07:14] Epoch [33/50] Train Loss: 0.1384 | Train Acc: 96.4500% Val Loss: 0.0499 | Val Acc: 98.4000% Time: 38.17s
[2025-01-23 14:07:53] Epoch [34/50] Train Loss: 0.1391 | Train Acc: 96.1500% Val Loss: 0.0496 | Val Acc: 98.8000% Time: 38.90s
[2025-01-23 14:08:32] Epoch [35/50] Train Loss: 0.1387 | Train Acc: 96.1500% Val Loss: 0.0627 | Val Acc: 98.1000% Time: 39.06s
[2025-01-23 14:09:11] Epoch [36/50] Train Loss: 0.1370 | Train Acc: 96.6250% Val Loss: 0.1045 | Val Acc: 96.6000% Time: 39.25s
[2025-01-23 14:09:53] Epoch [37/50] Train Loss: 0.1325 | Train Acc: 96.2625% Val Loss: 0.1137 | Val Acc: 97.2000% Time: 41.36s
[2025-01-23 14:10:36] Epoch [38/50] Train Loss: 0.1346 | Train Acc: 96.1750% Val Loss: 0.0198 | Val Acc: 99.4000% Time: 41.48s
[2025-01-23 14:10:36] 
[2025-01-23 14:10:36] Reached validation accuracy threshold of 96.0% at epoch 38 (9.9e+01%).
[2025-01-23 14:10:36] Early stopping triggered.
[2025-01-23 14:10:46] 
[2025-01-23 14:10:46] Test Set Performance:
[2025-01-23 14:10:46] Loss: 0.0433 | Accuracy: 98.5000%
[2025-01-23 14:10:46] Completed experiment: Dataset=./data/File3/arucoChallenging, Model=AlexNet, Batch Size=32, Transformation=rotation_blur_noise
[2025-01-23 14:10:46] 
[2025-01-23 14:10:46] Starting experiment: Dataset=./data/File3/arucoChallenging, Model=AlexNet, Batch Size=64, Transformation=none
[2025-01-23 14:10:47] Image tensor shape: torch.Size([64, 3, 224, 224])
[2025-01-23 14:10:47] Image value range: [-2.118, 2.640]
[2025-01-23 14:11:04] Epoch [1/50] Train Loss: 3.9954 | Train Acc: 8.7250% Val Loss: 2.4963 | Val Acc: 32.1000% Time: 16.73s
[2025-01-23 14:11:20] Epoch [2/50] Train Loss: 1.4049 | Train Acc: 59.1250% Val Loss: 0.6681 | Val Acc: 80.5000% Time: 14.81s
[2025-01-23 14:11:35] Epoch [3/50] Train Loss: 0.4908 | Train Acc: 85.1000% Val Loss: 0.2508 | Val Acc: 92.1000% Time: 15.10s
[2025-01-23 14:11:51] Epoch [4/50] Train Loss: 0.2765 | Train Acc: 91.4000% Val Loss: 0.2258 | Val Acc: 93.2000% Time: 15.41s
[2025-01-23 14:12:07] Epoch [5/50] Train Loss: 0.1776 | Train Acc: 94.4250% Val Loss: 0.1585 | Val Acc: 95.3000% Time: 14.85s
[2025-01-23 14:12:23] Epoch [6/50] Train Loss: 0.1435 | Train Acc: 95.5375% Val Loss: 0.1277 | Val Acc: 95.7000% Time: 15.36s
[2025-01-23 14:12:39] Epoch [7/50] Train Loss: 0.1334 | Train Acc: 96.0750% Val Loss: 0.0518 | Val Acc: 98.2000% Time: 15.94s
[2025-01-23 14:12:55] Epoch [8/50] Train Loss: 0.1271 | Train Acc: 96.2250% Val Loss: 0.1176 | Val Acc: 95.9000% Time: 15.39s
[2025-01-23 14:13:11] Epoch [9/50] Train Loss: 0.1175 | Train Acc: 96.4750% Val Loss: 0.1020 | Val Acc: 96.8000% Time: 15.72s
[2025-01-23 14:13:26] Epoch [10/50] Train Loss: 0.0677 | Train Acc: 98.0000% Val Loss: 0.0784 | Val Acc: 97.5000% Time: 15.90s
[2025-01-23 14:13:42] Epoch [11/50] Train Loss: 0.0825 | Train Acc: 97.6250% Val Loss: 0.1859 | Val Acc: 95.5000% Time: 15.32s
[2025-01-23 14:13:57] Epoch [12/50] Train Loss: 0.1032 | Train Acc: 96.9875% Val Loss: 0.1549 | Val Acc: 96.5000% Time: 15.49s
[2025-01-23 14:14:12] Epoch [13/50] Train Loss: 0.1134 | Train Acc: 96.9250% Val Loss: 0.0895 | Val Acc: 97.1000% Time: 15.14s
[2025-01-23 14:14:28] Epoch [14/50] Train Loss: 0.0797 | Train Acc: 97.6875% Val Loss: 0.1267 | Val Acc: 96.8000% Time: 16.03s
[2025-01-23 14:14:44] Epoch [15/50] Train Loss: 0.0751 | Train Acc: 98.0625% Val Loss: 0.1003 | Val Acc: 96.9000% Time: 15.36s
[2025-01-23 14:14:59] Epoch [16/50] Train Loss: 0.0719 | Train Acc: 98.0375% Val Loss: 0.1138 | Val Acc: 97.0000% Time: 15.45s
[2025-01-23 14:15:16] Epoch [17/50] Train Loss: 0.0624 | Train Acc: 98.3875% Val Loss: 0.0786 | Val Acc: 97.7000% Time: 16.34s
[2025-01-23 14:15:32] Epoch [18/50] Train Loss: 0.0795 | Train Acc: 97.8750% Val Loss: 0.0771 | Val Acc: 97.3000% Time: 16.80s
[2025-01-23 14:15:49] Epoch [19/50] Train Loss: 0.0750 | Train Acc: 97.8000% Val Loss: 0.0535 | Val Acc: 98.5000% Time: 15.68s
[2025-01-23 14:16:04] Epoch [20/50] Train Loss: 0.0602 | Train Acc: 98.5625% Val Loss: 0.0479 | Val Acc: 98.7000% Time: 14.68s
[2025-01-23 14:16:19] Epoch [21/50] Train Loss: 0.0980 | Train Acc: 97.5875% Val Loss: 0.1149 | Val Acc: 96.4000% Time: 14.83s
[2025-01-23 14:16:35] Epoch [22/50] Train Loss: 0.0920 | Train Acc: 97.7875% Val Loss: 0.1626 | Val Acc: 95.7000% Time: 15.86s
[2025-01-23 14:16:50] Epoch [23/50] Train Loss: 0.0758 | Train Acc: 98.1125% Val Loss: 0.0927 | Val Acc: 97.3000% Time: 15.20s
[2025-01-23 14:17:07] Epoch [24/50] Train Loss: 0.0679 | Train Acc: 98.2500% Val Loss: 0.0277 | Val Acc: 99.2000% Time: 15.36s
[2025-01-23 14:17:07] 
[2025-01-23 14:17:07] Reached validation accuracy threshold of 96.0% at epoch 24 (9.9e+01%).
[2025-01-23 14:17:07] Early stopping triggered.
[2025-01-23 14:17:15] 
[2025-01-23 14:17:15] Test Set Performance:
[2025-01-23 14:17:15] Loss: 0.0446 | Accuracy: 98.6000%
[2025-01-23 14:17:15] Completed experiment: Dataset=./data/File3/arucoChallenging, Model=AlexNet, Batch Size=64, Transformation=none
[2025-01-23 14:17:15] 
[2025-01-23 14:17:15] Starting experiment: Dataset=./data/File3/arucoChallenging, Model=AlexNet, Batch Size=64, Transformation=random_rotation
[2025-01-23 14:17:19] Image tensor shape: torch.Size([64, 3, 224, 224])
[2025-01-23 14:17:19] Image value range: [-2.118, 2.640]
[2025-01-23 14:17:49] Epoch [1/50] Train Loss: 4.1870 | Train Acc: 4.6875% Val Loss: 2.7548 | Val Acc: 22.4000% Time: 30.41s
[2025-01-23 14:18:22] Epoch [2/50] Train Loss: 1.9434 | Train Acc: 42.2750% Val Loss: 0.7487 | Val Acc: 76.4000% Time: 31.69s
[2025-01-23 14:18:55] Epoch [3/50] Train Loss: 0.8160 | Train Acc: 74.3500% Val Loss: 0.4079 | Val Acc: 86.9000% Time: 32.24s
[2025-01-23 14:19:28] Epoch [4/50] Train Loss: 0.4383 | Train Acc: 86.2250% Val Loss: 0.2397 | Val Acc: 91.9000% Time: 32.82s
[2025-01-23 14:19:59] Epoch [5/50] Train Loss: 0.3323 | Train Acc: 89.6875% Val Loss: 0.1662 | Val Acc: 94.7000% Time: 30.47s
[2025-01-23 14:20:29] Epoch [6/50] Train Loss: 0.2418 | Train Acc: 92.5375% Val Loss: 0.1187 | Val Acc: 96.1000% Time: 28.93s
[2025-01-23 14:20:58] Epoch [7/50] Train Loss: 0.2063 | Train Acc: 93.5625% Val Loss: 0.1150 | Val Acc: 96.6000% Time: 28.48s
[2025-01-23 14:21:27] Epoch [8/50] Train Loss: 0.2306 | Train Acc: 93.1125% Val Loss: 0.0685 | Val Acc: 98.0000% Time: 28.77s
[2025-01-23 14:21:56] Epoch [9/50] Train Loss: 0.1602 | Train Acc: 94.9625% Val Loss: 0.1052 | Val Acc: 97.0000% Time: 28.41s
[2025-01-23 14:22:24] Epoch [10/50] Train Loss: 0.1441 | Train Acc: 95.5000% Val Loss: 0.0633 | Val Acc: 97.7000% Time: 28.45s
[2025-01-23 14:22:53] Epoch [11/50] Train Loss: 0.1493 | Train Acc: 95.7750% Val Loss: 0.0728 | Val Acc: 97.5000% Time: 28.50s
[2025-01-23 14:23:21] Epoch [12/50] Train Loss: 0.1360 | Train Acc: 95.7500% Val Loss: 0.0869 | Val Acc: 96.2000% Time: 28.71s
[2025-01-23 14:23:50] Epoch [13/50] Train Loss: 0.1150 | Train Acc: 96.8625% Val Loss: 0.0599 | Val Acc: 98.6000% Time: 28.26s
[2025-01-23 14:24:19] Epoch [14/50] Train Loss: 0.1014 | Train Acc: 96.9125% Val Loss: 0.0665 | Val Acc: 97.6000% Time: 28.36s
[2025-01-23 14:24:47] Epoch [15/50] Train Loss: 0.1053 | Train Acc: 96.8750% Val Loss: 0.1050 | Val Acc: 96.7000% Time: 28.55s
[2025-01-23 14:25:17] Epoch [16/50] Train Loss: 0.1532 | Train Acc: 95.4000% Val Loss: 0.0848 | Val Acc: 97.4000% Time: 29.73s
[2025-01-23 14:25:46] Epoch [17/50] Train Loss: 0.1182 | Train Acc: 96.6250% Val Loss: 0.0581 | Val Acc: 98.7000% Time: 28.27s
[2025-01-23 14:26:14] Epoch [18/50] Train Loss: 0.1008 | Train Acc: 97.2250% Val Loss: 0.0811 | Val Acc: 97.0000% Time: 27.97s
[2025-01-23 14:26:44] Epoch [19/50] Train Loss: 0.0933 | Train Acc: 97.3375% Val Loss: 0.0343 | Val Acc: 99.2000% Time: 28.52s
[2025-01-23 14:26:44] 
[2025-01-23 14:26:44] Reached validation accuracy threshold of 96.0% at epoch 19 (9.9e+01%).
[2025-01-23 14:26:44] Early stopping triggered.
[2025-01-23 14:26:54] 
[2025-01-23 14:26:54] Test Set Performance:
[2025-01-23 14:26:54] Loss: 0.0258 | Accuracy: 99.5000%
[2025-01-23 14:26:54] Completed experiment: Dataset=./data/File3/arucoChallenging, Model=AlexNet, Batch Size=64, Transformation=random_rotation
[2025-01-23 14:26:54] 
[2025-01-23 14:26:54] Starting experiment: Dataset=./data/File3/arucoChallenging, Model=AlexNet, Batch Size=64, Transformation=rotation_blur_noise
[2025-01-23 14:26:57] Image tensor shape: torch.Size([64, 3, 224, 224])
[2025-01-23 14:26:57] Image value range: [-2.118, 2.640]
[2025-01-23 14:27:36] Epoch [1/50] Train Loss: 4.3489 | Train Acc: 2.3250% Val Loss: 3.8276 | Val Acc: 5.8000% Time: 38.02s
[2025-01-23 14:28:15] Epoch [2/50] Train Loss: 3.1997 | Train Acc: 14.0875% Val Loss: 2.3040 | Val Acc: 29.7000% Time: 38.79s
[2025-01-23 14:28:56] Epoch [3/50] Train Loss: 1.8236 | Train Acc: 44.8125% Val Loss: 1.0586 | Val Acc: 66.4000% Time: 40.65s
[2025-01-23 14:29:37] Epoch [4/50] Train Loss: 1.0037 | Train Acc: 68.4375% Val Loss: 0.6235 | Val Acc: 80.9000% Time: 39.85s
[2025-01-23 14:30:19] Epoch [5/50] Train Loss: 0.6837 | Train Acc: 77.9750% Val Loss: 0.4667 | Val Acc: 84.8000% Time: 41.55s
[2025-01-23 14:31:01] Epoch [6/50] Train Loss: 0.4452 | Train Acc: 85.5500% Val Loss: 0.3503 | Val Acc: 88.8000% Time: 41.30s
[2025-01-23 14:31:39] Epoch [7/50] Train Loss: 0.3733 | Train Acc: 88.1375% Val Loss: 0.3828 | Val Acc: 89.0000% Time: 37.10s
[2025-01-23 14:32:16] Epoch [8/50] Train Loss: 0.3038 | Train Acc: 90.3500% Val Loss: 0.2390 | Val Acc: 91.8000% Time: 37.25s
[2025-01-23 14:32:54] Epoch [9/50] Train Loss: 0.2597 | Train Acc: 91.6250% Val Loss: 0.1565 | Val Acc: 94.4000% Time: 37.02s
[2025-01-23 14:33:32] Epoch [10/50] Train Loss: 0.1973 | Train Acc: 93.9250% Val Loss: 0.1150 | Val Acc: 96.7000% Time: 37.33s
[2025-01-23 14:34:10] Epoch [11/50] Train Loss: 0.2232 | Train Acc: 93.1250% Val Loss: 0.1757 | Val Acc: 94.0000% Time: 38.09s
[2025-01-23 14:34:47] Epoch [12/50] Train Loss: 0.1998 | Train Acc: 93.9875% Val Loss: 0.0704 | Val Acc: 97.6000% Time: 36.61s
[2025-01-23 14:35:24] Epoch [13/50] Train Loss: 0.1668 | Train Acc: 94.8625% Val Loss: 0.1231 | Val Acc: 96.5000% Time: 36.62s
[2025-01-23 14:36:01] Epoch [14/50] Train Loss: 0.1813 | Train Acc: 94.6125% Val Loss: 0.0974 | Val Acc: 96.5000% Time: 36.71s
[2025-01-23 14:36:37] Epoch [15/50] Train Loss: 0.1605 | Train Acc: 95.0125% Val Loss: 0.0998 | Val Acc: 97.4000% Time: 36.86s
[2025-01-23 14:37:15] Epoch [16/50] Train Loss: 0.1350 | Train Acc: 95.8625% Val Loss: 0.0675 | Val Acc: 98.0000% Time: 36.60s
[2025-01-23 14:37:52] Epoch [17/50] Train Loss: 0.1467 | Train Acc: 95.4875% Val Loss: 0.0594 | Val Acc: 98.2000% Time: 36.82s
[2025-01-23 14:38:29] Epoch [18/50] Train Loss: 0.1841 | Train Acc: 94.6375% Val Loss: 0.0890 | Val Acc: 97.3000% Time: 36.74s
[2025-01-23 14:39:05] Epoch [19/50] Train Loss: 0.1161 | Train Acc: 96.4625% Val Loss: 0.0873 | Val Acc: 97.5000% Time: 36.71s
[2025-01-23 14:39:42] Epoch [20/50] Train Loss: 0.1678 | Train Acc: 95.0875% Val Loss: 0.1626 | Val Acc: 95.7000% Time: 36.84s
[2025-01-23 14:40:21] Epoch [21/50] Train Loss: 0.1200 | Train Acc: 96.3750% Val Loss: 0.0916 | Val Acc: 97.0000% Time: 38.79s
[2025-01-23 14:40:59] Epoch [22/50] Train Loss: 0.1460 | Train Acc: 95.6250% Val Loss: 0.2023 | Val Acc: 94.3000% Time: 38.31s
[2025-01-23 14:41:38] Epoch [23/50] Train Loss: 0.1458 | Train Acc: 95.8500% Val Loss: 0.0645 | Val Acc: 98.2000% Time: 38.76s
[2025-01-23 14:42:20] Epoch [24/50] Train Loss: 0.1281 | Train Acc: 96.6250% Val Loss: 0.0509 | Val Acc: 98.4000% Time: 41.28s
[2025-01-23 14:43:03] Epoch [25/50] Train Loss: 0.1414 | Train Acc: 96.0500% Val Loss: 0.0653 | Val Acc: 98.3000% Time: 42.83s
[2025-01-23 14:43:44] Epoch [26/50] Train Loss: 0.1076 | Train Acc: 96.7000% Val Loss: 0.0571 | Val Acc: 98.7000% Time: 40.79s
[2025-01-23 14:44:29] Epoch [27/50] Train Loss: 0.0724 | Train Acc: 97.8500% Val Loss: 0.0305 | Val Acc: 99.2000% Time: 43.01s
[2025-01-23 14:44:29] 
[2025-01-23 14:44:29] Reached validation accuracy threshold of 96.0% at epoch 27 (9.9e+01%).
[2025-01-23 14:44:29] Early stopping triggered.
[2025-01-23 14:44:38] 
[2025-01-23 14:44:38] Test Set Performance:
[2025-01-23 14:44:38] Loss: 0.0226 | Accuracy: 99.1000%
[2025-01-23 14:44:38] Completed experiment: Dataset=./data/File3/arucoChallenging, Model=AlexNet, Batch Size=64, Transformation=rotation_blur_noise
[2025-01-23 14:44:38] 
[2025-01-23 14:44:40] Successfully completed: run_classification_experiments.py
[2025-01-23 14:44:40] GPU memory cleaned
[2025-01-23 14:44:40] 
[2025-01-23 14:44:40] All steps completed successfully!
